<?xml version="1.0" encoding="UTF-8"?>
<!-- Generated by org.testng.reporters.JUnitXMLReporter -->
<testsuite ignored="0" hostname="BLRTESLTP-2562" failures="0" tests="4" name="Test" time="0.065" errors="0" timestamp="2022-09-13T13:00:05 IST">
  <testcase classname="scripts.Test3" name="tc1" time="0.007"/>
  <testcase classname="scripts.Test2" name="tc1" time="0.001"/>
  <testcase classname="scripts.Test1" name="tc1" time="0.001"/>
  <testcase classname="scripts.Test0" name="tc1" time="0.001"/>
</testsuite> <!-- Test -->
